2016-12-11 at 00:30:06 CST WARN  com.zaxxer.hikari.HikariConfig 804 validateNumerics - HikariPool-1 - idleTimeout is close to or more than maxLifetime, disabling it.
2016-12-11 at 00:30:06 CST DEBUG com.zaxxer.hikari.HikariConfig 841 logConfiguration - HikariPool-1 - configuration:
2016-12-11 at 00:30:06 CST DEBUG com.zaxxer.hikari.HikariConfig 857 logConfiguration - allowPoolSuspension.............false
2016-12-11 at 00:30:06 CST DEBUG com.zaxxer.hikari.HikariConfig 857 logConfiguration - autoCommit......................true
2016-12-11 at 00:30:06 CST DEBUG com.zaxxer.hikari.HikariConfig 857 logConfiguration - catalog.........................null
2016-12-11 at 00:30:06 CST DEBUG com.zaxxer.hikari.HikariConfig 857 logConfiguration - connectionInitSql...............null
2016-12-11 at 00:30:06 CST DEBUG com.zaxxer.hikari.HikariConfig 857 logConfiguration - connectionTestQuery.............null
2016-12-11 at 00:30:06 CST DEBUG com.zaxxer.hikari.HikariConfig 857 logConfiguration - connectionTimeout...............30000
2016-12-11 at 00:30:06 CST DEBUG com.zaxxer.hikari.HikariConfig 857 logConfiguration - dataSource......................null
2016-12-11 at 00:30:06 CST DEBUG com.zaxxer.hikari.HikariConfig 857 logConfiguration - dataSourceClassName............."com.mysql.jdbc.jdbc2.optional.MysqlDataSource"
2016-12-11 at 00:30:06 CST DEBUG com.zaxxer.hikari.HikariConfig 857 logConfiguration - dataSourceJNDI..................null
2016-12-11 at 00:30:06 CST DEBUG com.zaxxer.hikari.HikariConfig 857 logConfiguration - dataSourceProperties............{serverName=101.200.88.50, encoding=UTF-8, cachePrepStmts=true, user=ad, prepStmtCacheSize=1000, databaseName=carshop, prepStmtCacheSqlLimit=2048, password=<masked>, portNumber=3306}
2016-12-11 at 00:30:06 CST DEBUG com.zaxxer.hikari.HikariConfig 857 logConfiguration - driverClassName.................null
2016-12-11 at 00:30:06 CST DEBUG com.zaxxer.hikari.HikariConfig 857 logConfiguration - healthCheckProperties...........{}
2016-12-11 at 00:30:06 CST DEBUG com.zaxxer.hikari.HikariConfig 857 logConfiguration - healthCheckRegistry.............null
2016-12-11 at 00:30:06 CST DEBUG com.zaxxer.hikari.HikariConfig 857 logConfiguration - idleTimeout.....................0
2016-12-11 at 00:30:06 CST DEBUG com.zaxxer.hikari.HikariConfig 857 logConfiguration - initializationFailFast..........true
2016-12-11 at 00:30:06 CST DEBUG com.zaxxer.hikari.HikariConfig 857 logConfiguration - isolateInternalQueries..........false
2016-12-11 at 00:30:06 CST DEBUG com.zaxxer.hikari.HikariConfig 857 logConfiguration - jdbc4ConnectionTest.............false
2016-12-11 at 00:30:06 CST DEBUG com.zaxxer.hikari.HikariConfig 857 logConfiguration - jdbcUrl.........................null
2016-12-11 at 00:30:06 CST DEBUG com.zaxxer.hikari.HikariConfig 857 logConfiguration - leakDetectionThreshold..........0
2016-12-11 at 00:30:06 CST DEBUG com.zaxxer.hikari.HikariConfig 857 logConfiguration - maxLifetime.....................60000
2016-12-11 at 00:30:06 CST DEBUG com.zaxxer.hikari.HikariConfig 857 logConfiguration - maximumPoolSize.................100
2016-12-11 at 00:30:06 CST DEBUG com.zaxxer.hikari.HikariConfig 857 logConfiguration - metricRegistry..................null
2016-12-11 at 00:30:06 CST DEBUG com.zaxxer.hikari.HikariConfig 857 logConfiguration - metricsTrackerFactory...........null
2016-12-11 at 00:30:06 CST DEBUG com.zaxxer.hikari.HikariConfig 857 logConfiguration - minimumIdle.....................50
2016-12-11 at 00:30:06 CST DEBUG com.zaxxer.hikari.HikariConfig 857 logConfiguration - password........................<masked>
2016-12-11 at 00:30:06 CST DEBUG com.zaxxer.hikari.HikariConfig 857 logConfiguration - poolName........................"HikariPool-1"
2016-12-11 at 00:30:06 CST DEBUG com.zaxxer.hikari.HikariConfig 857 logConfiguration - readOnly........................false
2016-12-11 at 00:30:06 CST DEBUG com.zaxxer.hikari.HikariConfig 857 logConfiguration - registerMbeans..................false
2016-12-11 at 00:30:06 CST DEBUG com.zaxxer.hikari.HikariConfig 857 logConfiguration - scheduledExecutorService........null
2016-12-11 at 00:30:06 CST DEBUG com.zaxxer.hikari.HikariConfig 857 logConfiguration - threadFactory...................null
2016-12-11 at 00:30:06 CST DEBUG com.zaxxer.hikari.HikariConfig 857 logConfiguration - transactionIsolation............null
2016-12-11 at 00:30:06 CST DEBUG com.zaxxer.hikari.HikariConfig 857 logConfiguration - username........................null
2016-12-11 at 00:30:06 CST DEBUG com.zaxxer.hikari.HikariConfig 857 logConfiguration - validationTimeout...............5000
2016-12-11 at 00:30:06 CST INFO  com.zaxxer.hikari.HikariDataSource 70 <init> - HikariPool-1 - Started.
2016-12-11 at 00:30:06 CST DEBUG com.zaxxer.hikari.pool.HikariPool 445 createPoolEntry - HikariPool-1 - Added connection com.mysql.jdbc.JDBC4Connection@18d91e9a
2016-12-11 at 00:30:06 CST DEBUG com.zaxxer.hikari.pool.HikariPool 378 logPoolState - HikariPool-1 - Pool stats (total=1, active=1, idle=0, waiting=0)
2016-12-11 at 00:30:06 CST DEBUG com.zaxxer.hikari.pool.HikariPool 445 createPoolEntry - HikariPool-1 - Added connection com.mysql.jdbc.JDBC4Connection@7c08d44c
2016-12-11 at 00:30:06 CST DEBUG com.zaxxer.hikari.pool.HikariPool 445 createPoolEntry - HikariPool-1 - Added connection com.mysql.jdbc.JDBC4Connection@7962c305
2016-12-11 at 10:47:04 CST INFO  org.jooq.tools.JooqLogger 326 info - 
                                      
@@@@@@@@@@@@@@@@@@@@@@@@@@@@@@@@@@@@@@
@@@@@@@@@@@@@@@@@@@@@@@@@@@@@@@@@@@@@@
@@@@@@@@@@@@@@@@  @@        @@@@@@@@@@
@@@@@@@@@@@@@@@@@@@@        @@@@@@@@@@
@@@@@@@@@@@@@@@@  @@  @@    @@@@@@@@@@
@@@@@@@@@@  @@@@  @@  @@    @@@@@@@@@@
@@@@@@@@@@        @@        @@@@@@@@@@
@@@@@@@@@@@@@@@@@@@@@@@@@@@@@@@@@@@@@@
@@@@@@@@@@@@@@@@@@@@@@@@@@@@@@@@@@@@@@
@@@@@@@@@@        @@        @@@@@@@@@@
@@@@@@@@@@    @@  @@  @@@@  @@@@@@@@@@
@@@@@@@@@@    @@  @@  @@@@  @@@@@@@@@@
@@@@@@@@@@        @@  @  @  @@@@@@@@@@
@@@@@@@@@@        @@        @@@@@@@@@@
@@@@@@@@@@@@@@@@@@@@@@@  @@@@@@@@@@@@@
@@@@@@@@@@@@@@@@@@@@@@@@@@@@@@@@@@@@@@
@@@@@@@@@@@@@@@@@@@@@@@@@@@@@@@@@@@@@@  Thank you for using jOOQ 3.8.6
                                      
2016-12-11 at 10:47:04 CST DEBUG org.jooq.tools.JooqLogger 254 debug - Executing query          : select distinct `carshop`.`b_car_type`.`car_models`, `carshop`.`b_car_type`.`brand_type` from dual
2016-12-11 at 10:47:05 CST DEBUG org.jooq.tools.JooqLogger 284 debug - Exception                org.jooq.exception.DataAccessException: SQL [select distinct `carshop`.`b_car_type`.`car_models`, `carshop`.`b_car_type`.`brand_type` from dual]; Unknown table 'carshop.b_car_type' in field list
	at org.jooq.impl.Tools.translate(Tools.java:1941) ~[jooq-3.8.6.jar:?]
	at org.jooq.impl.DefaultExecuteContext.sqlException(DefaultExecuteContext.java:659) ~[jooq-3.8.6.jar:?]
	at org.jooq.impl.AbstractQuery.execute(AbstractQuery.java:362) [jooq-3.8.6.jar:?]
	at org.jooq.impl.AbstractResultQuery.fetch(AbstractResultQuery.java:312) [jooq-3.8.6.jar:?]
	at org.jooq.impl.SelectImpl.fetch(SelectImpl.java:2705) [jooq-3.8.6.jar:?]
	at com.bsu.jersey.jooq.JooqTest.main(JooqTest.java:33) [classes/:?]
	at sun.reflect.NativeMethodAccessorImpl.invoke0(Native Method) ~[?:1.8.0_102]
	at sun.reflect.NativeMethodAccessorImpl.invoke(NativeMethodAccessorImpl.java:62) ~[?:1.8.0_102]
	at sun.reflect.DelegatingMethodAccessorImpl.invoke(DelegatingMethodAccessorImpl.java:43) ~[?:1.8.0_102]
	at java.lang.reflect.Method.invoke(Method.java:498) ~[?:1.8.0_102]
	at com.intellij.rt.execution.application.AppMain.main(AppMain.java:147) [idea_rt.jar:?]
Caused by: com.mysql.jdbc.exceptions.jdbc4.MySQLSyntaxErrorException: Unknown table 'carshop.b_car_type' in field list
	at sun.reflect.NativeConstructorAccessorImpl.newInstance0(Native Method) ~[?:1.8.0_102]
	at sun.reflect.NativeConstructorAccessorImpl.newInstance(NativeConstructorAccessorImpl.java:62) ~[?:1.8.0_102]
	at sun.reflect.DelegatingConstructorAccessorImpl.newInstance(DelegatingConstructorAccessorImpl.java:45) ~[?:1.8.0_102]
	at java.lang.reflect.Constructor.newInstance(Constructor.java:423) ~[?:1.8.0_102]
	at com.mysql.jdbc.Util.handleNewInstance(Util.java:404) ~[mysql-connector-java-5.1.39.jar:5.1.39]
	at com.mysql.jdbc.Util.getInstance(Util.java:387) ~[mysql-connector-java-5.1.39.jar:5.1.39]
	at com.mysql.jdbc.SQLError.createSQLException(SQLError.java:942) ~[mysql-connector-java-5.1.39.jar:5.1.39]
	at com.mysql.jdbc.MysqlIO.checkErrorPacket(MysqlIO.java:3966) ~[mysql-connector-java-5.1.39.jar:5.1.39]
	at com.mysql.jdbc.MysqlIO.checkErrorPacket(MysqlIO.java:3902) ~[mysql-connector-java-5.1.39.jar:5.1.39]
	at com.mysql.jdbc.MysqlIO.sendCommand(MysqlIO.java:2526) ~[mysql-connector-java-5.1.39.jar:5.1.39]
	at com.mysql.jdbc.MysqlIO.sqlQueryDirect(MysqlIO.java:2673) ~[mysql-connector-java-5.1.39.jar:5.1.39]
	at com.mysql.jdbc.ConnectionImpl.execSQL(ConnectionImpl.java:2549) ~[mysql-connector-java-5.1.39.jar:5.1.39]
	at com.mysql.jdbc.PreparedStatement.executeInternal(PreparedStatement.java:1861) ~[mysql-connector-java-5.1.39.jar:5.1.39]
	at com.mysql.jdbc.PreparedStatement.execute(PreparedStatement.java:1192) ~[mysql-connector-java-5.1.39.jar:5.1.39]
	at org.jooq.tools.jdbc.DefaultPreparedStatement.execute(DefaultPreparedStatement.java:194) ~[jooq-3.8.6.jar:?]
	at org.jooq.impl.AbstractResultQuery.execute(AbstractResultQuery.java:269) ~[jooq-3.8.6.jar:?]
	at org.jooq.impl.AbstractQuery.execute(AbstractQuery.java:348) ~[jooq-3.8.6.jar:?]
	... 8 more

2016-12-11 at 10:47:05 CST DEBUG org.jooq.tools.JooqLogger 254 debug - Exception                : Total: 81.493ms
2016-12-11 at 10:47:05 CST DEBUG org.jooq.tools.JooqLogger 254 debug - Warning                  : Total: 93.296ms, +11.802ms
2016-12-11 at 10:47:05 CST DEBUG org.jooq.tools.JooqLogger 254 debug - Finishing                : Total: 93.739ms, +0.443ms
2016-12-11 at 10:47:59 CST INFO  org.jooq.tools.JooqLogger 326 info - 
                                      
@@@@@@@@@@@@@@@@@@@@@@@@@@@@@@@@@@@@@@
@@@@@@@@@@@@@@@@@@@@@@@@@@@@@@@@@@@@@@
@@@@@@@@@@@@@@@@  @@        @@@@@@@@@@
@@@@@@@@@@@@@@@@@@@@        @@@@@@@@@@
@@@@@@@@@@@@@@@@  @@  @@    @@@@@@@@@@
@@@@@@@@@@  @@@@  @@  @@    @@@@@@@@@@
@@@@@@@@@@        @@        @@@@@@@@@@
@@@@@@@@@@@@@@@@@@@@@@@@@@@@@@@@@@@@@@
@@@@@@@@@@@@@@@@@@@@@@@@@@@@@@@@@@@@@@
@@@@@@@@@@        @@        @@@@@@@@@@
@@@@@@@@@@    @@  @@  @@@@  @@@@@@@@@@
@@@@@@@@@@    @@  @@  @@@@  @@@@@@@@@@
@@@@@@@@@@        @@  @  @  @@@@@@@@@@
@@@@@@@@@@        @@        @@@@@@@@@@
@@@@@@@@@@@@@@@@@@@@@@@  @@@@@@@@@@@@@
@@@@@@@@@@@@@@@@@@@@@@@@@@@@@@@@@@@@@@
@@@@@@@@@@@@@@@@@@@@@@@@@@@@@@@@@@@@@@  Thank you for using jOOQ 3.8.6
                                      
2016-12-11 at 10:47:59 CST DEBUG org.jooq.tools.JooqLogger 254 debug - Executing query          : select distinct `carshop`.`b_car_type`.`car_models`, `carshop`.`b_car_type`.`brand_type` from `carshop`.`b_car_type`
2016-12-11 at 10:47:59 CST DEBUG org.jooq.tools.JooqLogger 254 debug - Query executed           : Total: 33.418ms
2016-12-11 at 10:47:59 CST DEBUG org.jooq.tools.JooqLogger 254 debug - Fetched result           : +----------+----------+
2016-12-11 at 10:47:59 CST DEBUG org.jooq.tools.JooqLogger 254 debug -                          : |car_models|brand_type|
2016-12-11 at 10:47:59 CST DEBUG org.jooq.tools.JooqLogger 254 debug -                          : +----------+----------+
2016-12-11 at 10:47:59 CST DEBUG org.jooq.tools.JooqLogger 254 debug -                          : |奥迪A1      |奥迪(进口)    |
2016-12-11 at 10:47:59 CST DEBUG org.jooq.tools.JooqLogger 254 debug -                          : |奥迪S5      |奥迪(进口)    |
2016-12-11 at 10:47:59 CST DEBUG org.jooq.tools.JooqLogger 254 debug -                          : |奥迪S6      |奥迪(进口)    |
2016-12-11 at 10:47:59 CST DEBUG org.jooq.tools.JooqLogger 254 debug -                          : |奥迪A7      |奥迪(进口)    |
2016-12-11 at 10:47:59 CST DEBUG org.jooq.tools.JooqLogger 254 debug -                          : |奥迪TT      |奥迪(进口)    |
2016-12-11 at 10:47:59 CST DEBUG org.jooq.tools.JooqLogger 254 debug -                          : +----------+----------+
2016-12-11 at 10:47:59 CST DEBUG org.jooq.tools.JooqLogger 254 debug -                          : |...19 record(s) truncated...
2016-12-11 at 10:47:59 CST DEBUG org.jooq.tools.JooqLogger 254 debug - Finishing                : Total: 141.65ms, +108.232ms
2016-12-11 at 11:20:37 CST INFO  org.jooq.tools.JooqLogger 326 info - 
                                      
@@@@@@@@@@@@@@@@@@@@@@@@@@@@@@@@@@@@@@
@@@@@@@@@@@@@@@@@@@@@@@@@@@@@@@@@@@@@@
@@@@@@@@@@@@@@@@  @@        @@@@@@@@@@
@@@@@@@@@@@@@@@@@@@@        @@@@@@@@@@
@@@@@@@@@@@@@@@@  @@  @@    @@@@@@@@@@
@@@@@@@@@@  @@@@  @@  @@    @@@@@@@@@@
@@@@@@@@@@        @@        @@@@@@@@@@
@@@@@@@@@@@@@@@@@@@@@@@@@@@@@@@@@@@@@@
@@@@@@@@@@@@@@@@@@@@@@@@@@@@@@@@@@@@@@
@@@@@@@@@@        @@        @@@@@@@@@@
@@@@@@@@@@    @@  @@  @@@@  @@@@@@@@@@
@@@@@@@@@@    @@  @@  @@@@  @@@@@@@@@@
@@@@@@@@@@        @@  @  @  @@@@@@@@@@
@@@@@@@@@@        @@        @@@@@@@@@@
@@@@@@@@@@@@@@@@@@@@@@@  @@@@@@@@@@@@@
@@@@@@@@@@@@@@@@@@@@@@@@@@@@@@@@@@@@@@
@@@@@@@@@@@@@@@@@@@@@@@@@@@@@@@@@@@@@@  Thank you for using jOOQ 3.8.6
                                      
2016-12-11 at 11:20:37 CST DEBUG org.jooq.tools.JooqLogger 254 debug - Executing query          : insert into `carshop`.`b_service_car_models` (`service_car_models`) values (?)
2016-12-11 at 11:20:37 CST DEBUG org.jooq.tools.JooqLogger 254 debug - -> with bind values      : insert into `carshop`.`b_service_car_models` (`service_car_models`) values ('测试车型')
2016-12-11 at 11:20:37 CST DEBUG org.jooq.tools.JooqLogger 254 debug - Affected row(s)          : 1
2016-12-11 at 11:20:37 CST DEBUG org.jooq.tools.JooqLogger 254 debug - Query executed           : Total: 50.011ms
2016-12-11 at 11:20:37 CST DEBUG org.jooq.tools.JooqLogger 254 debug - Finishing                : Total: 63.58ms, +13.568ms
2016-12-11 at 11:25:10 CST INFO  org.jooq.tools.JooqLogger 326 info - 
                                      
@@@@@@@@@@@@@@@@@@@@@@@@@@@@@@@@@@@@@@
@@@@@@@@@@@@@@@@@@@@@@@@@@@@@@@@@@@@@@
@@@@@@@@@@@@@@@@  @@        @@@@@@@@@@
@@@@@@@@@@@@@@@@@@@@        @@@@@@@@@@
@@@@@@@@@@@@@@@@  @@  @@    @@@@@@@@@@
@@@@@@@@@@  @@@@  @@  @@    @@@@@@@@@@
@@@@@@@@@@        @@        @@@@@@@@@@
@@@@@@@@@@@@@@@@@@@@@@@@@@@@@@@@@@@@@@
@@@@@@@@@@@@@@@@@@@@@@@@@@@@@@@@@@@@@@
@@@@@@@@@@        @@        @@@@@@@@@@
@@@@@@@@@@    @@  @@  @@@@  @@@@@@@@@@
@@@@@@@@@@    @@  @@  @@@@  @@@@@@@@@@
@@@@@@@@@@        @@  @  @  @@@@@@@@@@
@@@@@@@@@@        @@        @@@@@@@@@@
@@@@@@@@@@@@@@@@@@@@@@@  @@@@@@@@@@@@@
@@@@@@@@@@@@@@@@@@@@@@@@@@@@@@@@@@@@@@
@@@@@@@@@@@@@@@@@@@@@@@@@@@@@@@@@@@@@@  Thank you for using jOOQ 3.8.6
                                      
2016-12-11 at 11:25:10 CST DEBUG org.jooq.tools.JooqLogger 254 debug - Executing query          : insert into `carshop`.`b_service_car_models` (`service_car_models`) values (?)
2016-12-11 at 11:25:10 CST DEBUG org.jooq.tools.JooqLogger 254 debug - -> with bind values      : insert into `carshop`.`b_service_car_models` (`service_car_models`) values ('测试车型')
2016-12-11 at 11:25:10 CST DEBUG org.jooq.tools.JooqLogger 254 debug - Affected row(s)          : 1
2016-12-11 at 11:25:10 CST DEBUG org.jooq.tools.JooqLogger 254 debug - Query executed           : Total: 37.906ms
2016-12-11 at 11:25:10 CST DEBUG org.jooq.tools.JooqLogger 254 debug - Finishing                : Total: 52.098ms, +14.191ms
2016-12-11 at 11:25:10 CST DEBUG org.jooq.tools.JooqLogger 254 debug - Executing query          : delete from `carshop`.`b_service_car_models` where `carshop`.`b_service_car_models`.`id` = ?
2016-12-11 at 11:25:10 CST DEBUG org.jooq.tools.JooqLogger 254 debug - -> with bind values      : delete from `carshop`.`b_service_car_models` where `carshop`.`b_service_car_models`.`id` = 10
2016-12-11 at 11:25:10 CST DEBUG org.jooq.tools.JooqLogger 254 debug - Affected row(s)          : 1
2016-12-11 at 11:25:10 CST DEBUG org.jooq.tools.JooqLogger 254 debug - Query executed           : Total: 36.918ms
2016-12-11 at 11:25:10 CST DEBUG org.jooq.tools.JooqLogger 254 debug - Finishing                : Total: 42.124ms, +5.205ms
2016-12-11 at 11:25:29 CST INFO  org.jooq.tools.JooqLogger 326 info - 
                                      
@@@@@@@@@@@@@@@@@@@@@@@@@@@@@@@@@@@@@@
@@@@@@@@@@@@@@@@@@@@@@@@@@@@@@@@@@@@@@
@@@@@@@@@@@@@@@@  @@        @@@@@@@@@@
@@@@@@@@@@@@@@@@@@@@        @@@@@@@@@@
@@@@@@@@@@@@@@@@  @@  @@    @@@@@@@@@@
@@@@@@@@@@  @@@@  @@  @@    @@@@@@@@@@
@@@@@@@@@@        @@        @@@@@@@@@@
@@@@@@@@@@@@@@@@@@@@@@@@@@@@@@@@@@@@@@
@@@@@@@@@@@@@@@@@@@@@@@@@@@@@@@@@@@@@@
@@@@@@@@@@        @@        @@@@@@@@@@
@@@@@@@@@@    @@  @@  @@@@  @@@@@@@@@@
@@@@@@@@@@    @@  @@  @@@@  @@@@@@@@@@
@@@@@@@@@@        @@  @  @  @@@@@@@@@@
@@@@@@@@@@        @@        @@@@@@@@@@
@@@@@@@@@@@@@@@@@@@@@@@  @@@@@@@@@@@@@
@@@@@@@@@@@@@@@@@@@@@@@@@@@@@@@@@@@@@@
@@@@@@@@@@@@@@@@@@@@@@@@@@@@@@@@@@@@@@  Thank you for using jOOQ 3.8.6
                                      
2016-12-11 at 11:25:29 CST DEBUG org.jooq.tools.JooqLogger 254 debug - Executing query          : delete from `carshop`.`b_service_car_models` where `carshop`.`b_service_car_models`.`id` = ?
2016-12-11 at 11:25:29 CST DEBUG org.jooq.tools.JooqLogger 254 debug - -> with bind values      : delete from `carshop`.`b_service_car_models` where `carshop`.`b_service_car_models`.`id` = 11
2016-12-11 at 11:25:29 CST DEBUG org.jooq.tools.JooqLogger 254 debug - Affected row(s)          : 1
2016-12-11 at 11:25:29 CST DEBUG org.jooq.tools.JooqLogger 254 debug - Query executed           : Total: 48.281ms
2016-12-11 at 11:25:29 CST DEBUG org.jooq.tools.JooqLogger 254 debug - Finishing                : Total: 61.429ms, +13.147ms
